<?xml version="1.0" encoding="UTF-8"?>
<!-- Generated by org.testng.reporters.JUnitReportReporter -->
<testsuite hostname="ASPBS-263" failures="0" tests="3" name="TestNG.ParallelTesting" time="49.995" errors="0" timestamp="2022-06-29T16:28:23 IST" skipped="0">
  <testcase classname="TestNG.ParallelTesting" name="OpenFirefox" time="18.980"/>
  <system-out/>
  <testcase classname="TestNG.ParallelTesting" name="OpenGoogle" time="15.257"/>
  <system-out/>
  <testcase classname="TestNG.ParallelTesting" name="OpenEdge" time="15.758"/>
  <system-out/>
</testsuite> <!-- TestNG.ParallelTesting -->
