<?xml version="1.0" encoding="UTF-8"?>
<!-- Generated by org.testng.reporters.JUnitReportReporter -->
<testsuite hostname="ASPBS-263" failures="0" tests="3" name="TestNG.SuiteExample" time="6.827" errors="0" timestamp="2022-06-14T13:27:45 IST" skipped="0">
  <testcase classname="TestNG.SuiteExample" name="openGoogle" time="3.894"/>
  <system-out/>
  <testcase classname="TestNG.SuiteExample" name="openBing" time="1.501"/>
  <system-out/>
  <testcase classname="TestNG.SuiteExample" name="openYahoo" time="1.432"/>
  <system-out/>
</testsuite> <!-- TestNG.SuiteExample -->
