<?xml version="1.0" encoding="UTF-8"?>
<!-- Generated by org.testng.reporters.JUnitReportReporter -->
<testsuite hostname="ASPBS-263" failures="0" tests="3" name="TestNG.DependanciesManagement" time="0.206" errors="0" timestamp="2022-06-14T13:27:45 IST" skipped="0">
  <testcase classname="TestNG.DependanciesManagement" name="selectProduct" time="0.004"/>
  <system-out/>
  <testcase classname="TestNG.DependanciesManagement" name="Login" time="0.184"/>
  <system-out/>
  <testcase classname="TestNG.DependanciesManagement" name="addtoCart" time="0.018"/>
  <system-out/>
</testsuite> <!-- TestNG.DependanciesManagement -->
