<?xml version="1.0" encoding="UTF-8"?>
<!-- Generated by org.testng.reporters.JUnitReportReporter -->
<testsuite hostname="ASPBS-263" failures="0" tests="6" name="TestNG.sampleTestCase" time="0.049" errors="0" timestamp="2022-06-29T16:28:23 IST" skipped="1">
  <testcase classname="TestNG.sampleTestCase" name="firstTestcase" time="0.035"/>
  <system-out/>
  <testcase classname="TestNG.sampleTestCase" name="secondTestcase" time="0.004"/>
  <system-out/>
  <testcase classname="TestNG.sampleTestCase" name="thirdTestcase" time="0.005"/>
  <system-out/>
  <testcase classname="TestNG.sampleTestCase" name="fifthTestcase" time="0.002"/>
  <system-out/>
  <testcase classname="TestNG.sampleTestCase" name="sixthTestcase" time="0.003"/>
  <system-out/>
  <testcase classname="TestNG.sampleTestCase" name="fourthTestcase">
    <skipped/>
  </testcase> <!-- fourthTestcase -->
  <system-out/>
</testsuite> <!-- TestNG.sampleTestCase -->
